<?xml version="1.0" encoding="UTF-8"?>
<!-- Generated by org.testng.reporters.JUnitReportReporter -->
<testsuite hostname="Hp-PC" failures="0" tests="1" name="parameterization.NeedOfParameterization" time="9.501" errors="0" timestamp="2024-03-03T22:39:25 IST" skipped="0">
  <testcase classname="parameterization.NeedOfParameterization" name="verifyGoogleSearch" time="9.501"/>
</testsuite> <!-- parameterization.NeedOfParameterization -->
