<?xml version="1.0" encoding="UTF-8"?>
<!-- Generated by org.testng.reporters.JUnitReportReporter -->
<testsuite hostname="Hp-PC" failures="0" tests="4" name="failtest.Test2" time="0.009" errors="0" timestamp="2024-03-04T19:26:53 IST" skipped="0">
  <testcase classname="failtest.Test2" name="verifyFundsTransfer" time="0.005"/>
  <testcase classname="failtest.Test2" name="verifyLogin1" time="0.002"/>
  <testcase classname="failtest.Test2" name="verifyHomePage" time="0.001"/>
  <testcase classname="failtest.Test2" name="verifyLogin" time="0.001"/>
</testsuite> <!-- failtest.Test2 -->
