<?xml version="1.0" encoding="UTF-8"?>
<!-- Generated by org.testng.reporters.JUnitReportReporter -->
<testsuite hostname="Hp-PC" failures="0" tests="4" name="failtest.Test1" time="0.024" errors="0" timestamp="2024-03-04T19:08:19 IST" skipped="0">
  <testcase classname="failtest.Test1" name="verifyHomePage" time="0.002"/>
  <testcase classname="failtest.Test1" name="verifyFundsTransfer" time="0.014"/>
  <testcase classname="failtest.Test1" name="verifyLogin1" time="0.002"/>
  <testcase classname="failtest.Test1" name="verifyLogin" time="0.006"/>
</testsuite> <!-- failtest.Test1 -->
