<?xml version="1.0" encoding="UTF-8"?>
<!-- Generated by org.testng.reporters.JUnitReportReporter -->
<testsuite hostname="Hp-PC" failures="0" tests="3" name="parameterization.NormalDataProvider" time="27.180" errors="0" timestamp="2024-03-03T22:39:25 IST" skipped="0">
  <testcase classname="parameterization.NormalDataProvider" name="verifyGoogleSearch_2" time="8.758"/>
  <testcase classname="parameterization.NormalDataProvider" name="verifyGoogleSearch_2" time="9.204"/>
  <testcase classname="parameterization.NormalDataProvider" name="verifyGoogleSearch_2" time="9.218"/>
</testsuite> <!-- parameterization.NormalDataProvider -->
